<?xml version="1.0" encoding="UTF-8"?>
<!-- Generated by org.testng.reporters.JUnitReportReporter -->
<testsuite skipped="0" hostname="DESKTOP-VTBT3RG" name="TestCase.MakeMytripSearch" tests="2" failures="0" timestamp="2023-07-15T09:26:26 IST" time="11.678" errors="0">
  <testcase name="ValidFlightSearch" time="8.284" classname="TestCase.MakeMytripSearch"/>
  <system-out/>
  <testcase name="InValidFromAndToSearch" time="3.394" classname="TestCase.MakeMytripSearch"/>
  <system-out/>
</testsuite> <!-- TestCase.MakeMytripSearch -->
