<?xml version="1.0" encoding="UTF-8"?>
<!-- Generated by org.testng.reporters.JUnitReportReporter -->
<testsuite skipped="0" hostname="DESKTOP-VTBT3RG" name="TestCase.MakeMytripSearch" tests="6" failures="0" timestamp="2023-07-22T09:02:35 IST" time="39.895" errors="0">
  <testcase name="ValidFlightSearch" time="12.016" classname="TestCase.MakeMytripSearch"/>
  <system-out/>
  <testcase name="ValidFlightSearch" time="14.217" classname="TestCase.MakeMytripSearch"/>
  <system-out/>
  <testcase name="ValidFlightSearch" time="8.971" classname="TestCase.MakeMytripSearch"/>
  <system-out/>
  <testcase name="InValidFromAndToSearch" time="2.373" classname="TestCase.MakeMytripSearch"/>
  <system-out/>
  <testcase name="InValidFromAndToSearch" time="1.117" classname="TestCase.MakeMytripSearch"/>
  <system-out/>
  <testcase name="InValidFromAndToSearch" time="1.201" classname="TestCase.MakeMytripSearch"/>
  <system-out/>
</testsuite> <!-- TestCase.MakeMytripSearch -->
