<?xml version="1.0" encoding="UTF-8"?>
<!-- Generated by org.testng.reporters.JUnitReportReporter -->
<testsuite skipped="0" hostname="DESKTOP-VTBT3RG" name="TestNgBasics.TestNgfirstClass" tests="2" failures="0" timestamp="2023-07-08T09:54:41 IST" time="0.007" errors="0">
  <testcase name="Testcase2" time="0.002" classname="TestNgBasics.TestNgfirstClass"/>
  <system-out/>
  <testcase name="Testcase1" time="0.005" classname="TestNgBasics.TestNgfirstClass"/>
  <system-out/>
</testsuite> <!-- TestNgBasics.TestNgfirstClass -->
