<?xml version="1.0" encoding="UTF-8"?>
<!-- Generated by org.testng.reporters.JUnitReportReporter -->
<testsuite skipped="0" hostname="DESKTOP-VTBT3RG" name="TestNgBasics.TestNgSecondClass" tests="1" failures="0" timestamp="2023-07-15T08:20:03 IST" time="0.001" errors="0">
  <testcase name="Testcase3inanothercalss" time="0.001" classname="TestNgBasics.TestNgSecondClass"/>
  <system-out/>
</testsuite> <!-- TestNgBasics.TestNgSecondClass -->
