<?xml version="1.0" encoding="UTF-8"?>
<!-- Generated by org.testng.reporters.JUnitReportReporter -->
<testsuite skipped="0" hostname="DESKTOP-VTBT3RG" name="TestCase.MakeMytripSearch" tests="6" failures="0" timestamp="2023-07-22T09:09:41 IST" time="45.034" errors="0">
  <testcase name="ValidFlightSearch" time="13.268" classname="TestCase.MakeMytripSearch"/>
  <system-out/>
  <testcase name="ValidFlightSearch" time="18.327" classname="TestCase.MakeMytripSearch"/>
  <system-out/>
  <testcase name="ValidFlightSearch" time="8.875" classname="TestCase.MakeMytripSearch"/>
  <system-out/>
  <testcase name="InValidFromAndToSearch" time="2.292" classname="TestCase.MakeMytripSearch"/>
  <system-out/>
  <testcase name="InValidFromAndToSearch" time="1.142" classname="TestCase.MakeMytripSearch"/>
  <system-out/>
  <testcase name="InValidFromAndToSearch" time="1.130" classname="TestCase.MakeMytripSearch"/>
  <system-out/>
</testsuite> <!-- TestCase.MakeMytripSearch -->
